2025-11-30T06:55:16+00:00 DEBUG #3463 - [New Request] POST /makeupstore/wp-json/wc-admin/settings/payments/providers
2025-11-30T06:55:16+00:00 DEBUG #4907 - [New Request] POST /makeupstore/wp-json/wc-admin/settings/payments/suggestion/paypal_full_stack/attach
2025-11-30T06:55:16+00:00 DEBUG #3463 - Webhook lock acquired for 'register'.
2025-11-30T06:55:16+00:00 DEBUG #4907 - Webhook lock acquired for 'register'.
2025-11-30T06:55:16+00:00 DEBUG #3463 - Webhook operation 'register' started.
2025-11-30T06:55:16+00:00 DEBUG #4907 - Webhook operation 'register' started.
2025-11-30T06:55:17+00:00 DEBUG #3463 - GET https://api.woocommerce.com/integrations/ppc/v1/notifications/webhooks
Response: Array
(
    [code] => 404
    [message] => Not Found
)

Response Body: {"statusCode":404,"error":"Not Found","message":"Not Found"}

2025-11-30T06:55:17+00:00 ERROR #3463 - Failed to delete webhooks: [Error] Not Found
2025-11-30T06:55:17+00:00 ERROR #4907 - Failed to delete webhooks: [Error] Not Found
2025-11-30T06:55:17+00:00 INFO #3463 - Webhooks deleted.
2025-11-30T06:55:17+00:00 DEBUG #4907 - POST https://api.woocommerce.com/integrations/ppc/v1/notifications/webhooks
Request Body: {"url":"https:\/\/localhost\/makeupstore\/wp-json\/paypal\/v1\/incoming","event_types":[{"name":"CHECKOUT.ORDER.APPROVED"},{"name":"CHECKOUT.ORDER.COMPLETED"},{"name":"CHECKOUT.PAYMENT-APPROVAL.REVERSED"},{"name":"PAYMENT.CAPTURE.REFUNDED"},{"name":"PAYMENT.AUTHORIZATION.VOIDED"},{"name":"PAYMENT.CAPTURE.REVERSED"},{"name":"PAYMENT.ORDER.CANCELLED"},{"name":"PAYMENT.CAPTURE.DENIED"},{"name":"PAYMENT.CAPTURE.COMPLETED"},{"name":"VAULT.PAYMENT-TOKEN.CREATED"},{"name":"VAULT.PAYMENT-TOKEN.DELETED"},{"name":"PAYMENT.CAPTURE.PENDING"},{"name":"PAYMENT.SALE.COMPLETED"},{"name":"PAYMENT.SALE.REFUNDED"},{"name":"BILLING.SUBSCRIPTION.CANCELLED"},{"name":"BILLING.PLAN.PRICING-CHANGE.ACTIVATED"},{"name":"CATALOG.PRODUCT.UPDATED"},{"name":"BILLING.PLAN.UPDATED"}]}
Response: Array
(
    [code] => 404
    [message] => Not Found
)

Response Body: {"statusCode":404,"error":"Not Found","message":"Not Found"}

2025-11-30T06:55:17+00:00 ERROR #3463 - Failed to subscribe webhooks: [Error] Not Found
2025-11-30T06:55:17+00:00 ERROR #4907 - Failed to subscribe webhooks: [Error] Not Found
2025-11-30T06:55:17+00:00 DEBUG #3463 - Webhook lock released for 'register'.
2025-11-30T06:55:17+00:00 DEBUG #4907 - Webhook lock released for 'register'.
